Change Component Footprint: Designator=P5 Old Footprint=MY_FE14 New Footprint=My_1X14
Change Component Footprint: Designator=P4 Old Footprint=MY_FE16 New Footprint=My_1X16
Added Pin To Net: NetName=PB0 Pin=P4-1
Added Pin To Net: NetName=PB1 Pin=P4-2
Added Pin To Net: NetName=PB2 Pin=P4-3
Added Pin To Net: NetName=PB3 Pin=P4-4
Added Pin To Net: NetName=PB4 Pin=P4-5
Added Pin To Net: NetName=PB5 Pin=P4-6
Added Pin To Net: NetName=PB6 Pin=P4-7
Added Pin To Net: NetName=PB7 Pin=P4-8
Added Pin To Net: NetName=PB8 Pin=P4-9
Added Pin To Net: NetName=PB9 Pin=P4-10
Added Pin To Net: NetName=PB10 Pin=P4-11
Added Pin To Net: NetName=PB11 Pin=P4-12
Added Pin To Net: NetName=PB12 Pin=P4-13
Added Pin To Net: NetName=PB13 Pin=P4-14
Added Pin To Net: NetName=PB14 Pin=P4-15
Added Pin To Net: NetName=PB15 Pin=P4-16
Added Pin To Net: NetName=PA0 Pin=P5-1
Added Pin To Net: NetName=PA1 Pin=P5-2
Added Pin To Net: NetName=PA2 Pin=P5-3
Added Pin To Net: NetName=PA3 Pin=P5-4
Added Pin To Net: NetName=PA4 Pin=P5-5
Added Pin To Net: NetName=PA5 Pin=P5-6
Added Pin To Net: NetName=PA6 Pin=P5-7
Added Pin To Net: NetName=PA7 Pin=P5-8
Added Pin To Net: NetName=PA8 Pin=P5-9
Added Pin To Net: NetName=PA9 Pin=P5-10
Added Pin To Net: NetName=PA10 Pin=P5-11
Added Pin To Net: NetName=PA11 Pin=P5-12
Added Pin To Net: NetName=PA12 Pin=P5-13
Added Pin To Net: NetName=PA14 Pin=P5-14
Added Pin To Net: NetName=PB0 Pin=R3-2
Added Pin To Net: NetName=PB0 Pin=R4-1
Added Pin To Net: NetName=PB1 Pin=R5-2
Added Pin To Net: NetName=PB1 Pin=R6-1
Added Pin To Net: NetName=PB2 Pin=R7-2
Added Pin To Net: NetName=PB2 Pin=R8-1
Added Pin To Net: NetName=PB3 Pin=R9-2
Added Pin To Net: NetName=PB3 Pin=R10-1
Added Pin To Net: NetName=PB4 Pin=R11-2
Added Pin To Net: NetName=PB4 Pin=R12-1
Added Pin To Net: NetName=PB5 Pin=R13-2
Added Pin To Net: NetName=PB5 Pin=R14-1
Added Pin To Net: NetName=PB6 Pin=R15-2
Added Pin To Net: NetName=PB6 Pin=R16-1
Added Pin To Net: NetName=PB7 Pin=R17-2
Added Pin To Net: NetName=PB7 Pin=R18-1
Added Pin To Net: NetName=PB8 Pin=R19-2
Added Pin To Net: NetName=PB8 Pin=R20-1
Added Pin To Net: NetName=PB9 Pin=R21-2
Added Pin To Net: NetName=PB9 Pin=R22-1
Added Pin To Net: NetName=PB10 Pin=R23-2
Added Pin To Net: NetName=PB10 Pin=R24-1
Added Pin To Net: NetName=PB11 Pin=R25-2
Added Pin To Net: NetName=PB11 Pin=R26-1
Added Pin To Net: NetName=PB12 Pin=R27-2
Added Pin To Net: NetName=PB12 Pin=R28-1
Added Pin To Net: NetName=PB13 Pin=R29-2
Added Pin To Net: NetName=PB13 Pin=R30-1
Added Pin To Net: NetName=PB14 Pin=R31-2
Added Pin To Net: NetName=PB14 Pin=R32-1
Added Pin To Net: NetName=PB15 Pin=R33-2
Added Pin To Net: NetName=PB15 Pin=R34-1
Added Pin To Net: NetName=PA0 Pin=R35-2
Added Pin To Net: NetName=PA0 Pin=R36-1
Added Pin To Net: NetName=PA1 Pin=R37-2
Added Pin To Net: NetName=PA1 Pin=R38-1
Added Pin To Net: NetName=PA2 Pin=R39-2
Added Pin To Net: NetName=PA2 Pin=R40-1
Added Pin To Net: NetName=PA3 Pin=R41-2
Added Pin To Net: NetName=PA3 Pin=R42-1
Added Pin To Net: NetName=PA4 Pin=R43-2
Added Pin To Net: NetName=PA4 Pin=R44-1
Added Pin To Net: NetName=PA5 Pin=R45-2
Added Pin To Net: NetName=PA5 Pin=R46-1
Added Pin To Net: NetName=PA6 Pin=R47-2
Added Pin To Net: NetName=PA6 Pin=R48-1
Added Pin To Net: NetName=PA7 Pin=R49-2
Added Pin To Net: NetName=PA7 Pin=R50-1
Added Pin To Net: NetName=PA8 Pin=R51-2
Added Pin To Net: NetName=PA8 Pin=R52-1
Added Pin To Net: NetName=PA9 Pin=R53-2
Added Pin To Net: NetName=PA9 Pin=R54-1
Added Pin To Net: NetName=PA10 Pin=R55-2
Added Pin To Net: NetName=PA10 Pin=R56-1
Added Pin To Net: NetName=PA11 Pin=R57-2
Added Pin To Net: NetName=PA11 Pin=R58-1
Added Pin To Net: NetName=PA12 Pin=R59-2
Added Pin To Net: NetName=PA12 Pin=R60-1
Added Pin To Net: NetName=PA14 Pin=R61-2
Added Pin To Net: NetName=PA14 Pin=R62-1
Add Pin To Net: Unknown Pin: Pin U2-9
Add Pin To Net: Unknown Pin: Pin U2-24
Add Pin To Net: Unknown Pin: Pin U2-36
Add Pin To Net: Unknown Pin: Pin U2-48
Added Room: Name=MCU Udemy
