Removed Pin From Net: NetName=32kHz 01 Pin=U2-3
Removed Pin From Net: NetName=32kHz 02 Pin=U2-4
Removed Pin From Net: NetName=OUT/IN Pin=U2-5
Removed Pin From Net: NetName=NetR1_2 Pin=U2-6
Removed Pin From Net: NetName=NRST Pin=U2-7
Removed Pin From Net: NetName=GND Pin=U2-8
Removed Pin From Net: NetName=PA0 Pin=U2-10
Removed Pin From Net: NetName=PA1 Pin=U2-11
Removed Pin From Net: NetName=PA2 Pin=U2-12
Removed Pin From Net: NetName=PA3 Pin=U2-13
Removed Pin From Net: NetName=PA4 Pin=U2-14
Removed Pin From Net: NetName=PA5 Pin=U2-15
Removed Pin From Net: NetName=PA6 Pin=U2-16
Removed Pin From Net: NetName=PA7 Pin=U2-17
Removed Pin From Net: NetName=PB0 Pin=U2-18
Removed Pin From Net: NetName=PB1 Pin=U2-19
Removed Pin From Net: NetName=PB2 Pin=U2-20
Removed Pin From Net: NetName=PB10 Pin=U2-21
Removed Pin From Net: NetName=PB11 Pin=U2-22
Removed Pin From Net: NetName=GND Pin=U2-23
Removed Pin From Net: NetName=PB12 Pin=U2-25
Removed Pin From Net: NetName=PB13 Pin=U2-26
Removed Pin From Net: NetName=PB14 Pin=U2-27
Removed Pin From Net: NetName=PB15 Pin=U2-28
Removed Pin From Net: NetName=PA8 Pin=U2-29
Removed Pin From Net: NetName=PA9 Pin=U2-30
Removed Pin From Net: NetName=PA10 Pin=U2-31
Removed Pin From Net: NetName=PA11 Pin=U2-32
Removed Pin From Net: NetName=PA12 Pin=U2-33
Removed Pin From Net: NetName=SWDIO Pin=U2-34
Removed Pin From Net: NetName=GND Pin=U2-35
Removed Pin From Net: NetName=SWCLK Pin=U2-37
Removed Pin From Net: NetName=PA14 Pin=U2-38
Removed Pin From Net: NetName=PB3 Pin=U2-39
Removed Pin From Net: NetName=PB4 Pin=U2-40
Removed Pin From Net: NetName=PB5 Pin=U2-41
Removed Pin From Net: NetName=PB6 Pin=U2-42
Removed Pin From Net: NetName=PB7 Pin=U2-43
Removed Pin From Net: NetName=BOOT0 Pin=U2-44
Removed Pin From Net: NetName=PB8 Pin=U2-45
Removed Pin From Net: NetName=PB9 Pin=U2-46
Removed Pin From Net: NetName=GND Pin=U2-47
Added Component: Designator=U?(STM-LQFP48_N)
Add component (AddParameter): Name = "A/D Converter"; Value = "2x12-bit (10 Channel)"; VariantName = "[No Variations]"
Add component (AddParameter): Name = "ComponentLink1Description"; Value = "Manufacturer URL"; VariantName = "[No Variations]"
Add component (AddParameter): Name = "ComponentLink1URL"; Value = "http://www.st.com/web/en/home.html"; VariantName = "[No Variations]"
Add component (AddParameter): Name = "ComponentLink2Description"; Value = "Datasheet"; VariantName = "[No Variations]"
Add component (AddParameter): Name = "ComponentLink2URL"; Value = "http://www.st.com/st-web-ui/static/active/en/resource/technical/document/datasheet/CD00161566.pdf"; VariantName = "[No Variations]"
Add component (AddParameter): Name = "ComponentLink3Description"; Value = "Package Specification"; VariantName = "[No Variations]"
Add component (AddParameter): Name = "ComponentLink3URL"; Value = "http://www.st.com/st-web-ui/static/active/en/resource/technical/document/datasheet/DM00058181.pdf"; VariantName = "[No Variations]"
Add component (AddParameter): Name = "Core"; Value = "ARM Cortex-M3"; VariantName = "[No Variations]"
Add component (AddParameter): Name = "DatasheetVersion"; Value = "Rev. 16"; VariantName = "[No Variations]"
Add component (AddParameter): Name = "FLASH Size (Prog) (kB)"; Value = "64"; VariantName = "[No Variations]"
Add component (AddParameter): Name = "Mounting Technology"; Value = "Surface Mount"; VariantName = "[No Variations]"
Add component (AddParameter): Name = "Operating Frequency(F) (Processor speed) (MHz)"; Value = "72"; VariantName = "[No Variations]"
Add component (AddParameter): Name = "PackageDescription"; Value = "48-Pin Low Profile Quad Flat Package, 7 x 7 mm Body, 0.5 mm Pitch"; VariantName = "[No Variations]"
Add component (AddParameter): Name = "PackageReference"; Value = "LQFP48"; VariantName = "[No Variations]"
Add component (AddParameter): Name = "PackageVersion"; Value = "Rev. 6, 06/2013"; VariantName = "[No Variations]"
Add component (AddParameter): Name = "Packing"; Value = "Tray"; VariantName = "[No Variations]"
Add component (AddParameter): Name = "PartNumber"; Value = "STM32F103C8T6"; VariantName = "[No Variations]"
Add component (AddParameter): Name = "Supplier 1"; Value = "Digi-Key"; VariantName = "[No Variations]"
Add component (AddParameter): Name = "Supplier 2"; Value = "Farnell"; VariantName = "[No Variations]"
Add component (AddParameter): Name = "Supplier 3"; Value = "Newark"; VariantName = "[No Variations]"
Add component (AddParameter): Name = "Supplier 4"; Value = "Newark"; VariantName = "[No Variations]"
Add component (AddParameter): Name = "Supplier 5"; Value = "Mouser"; VariantName = "[No Variations]"
Add component (AddParameter): Name = "Supplier Part Number 1"; Value = "497-6063-ND"; VariantName = "[No Variations]"
Add component (AddParameter): Name = "Supplier Part Number 2"; Value = "1447637"; VariantName = "[No Variations]"
Add component (AddParameter): Name = "Supplier Part Number 3"; Value = "59M2182"; VariantName = "[No Variations]"
Add component (AddParameter): Name = "Supplier Part Number 4"; Value = "57P1222"; VariantName = "[No Variations]"
Add component (AddParameter): Name = "Supplier Part Number 5"; Value = "511-STM32F103C8T6"; VariantName = "[No Variations]"
Add component (AddParameter): Name = "Supply Voltage(Vcc) min (V)"; Value = "2"; VariantName = "[No Variations]"
Add component (AddParameter): Name = "I/Os (High Current)"; Value = "37"; VariantName = "[No Variations]"
Add component (AddParameter): Name = "Internal RAM Size (kB)"; Value = "20"; VariantName = "[No Variations]"
Added Component: Designator=U?(STM-LQFP48_N)
Add component (AddParameter): Name = "A/D Converter"; Value = "2x12-bit (10 Channel)"; VariantName = "[No Variations]"
Add component (AddParameter): Name = "ComponentLink1Description"; Value = "Manufacturer URL"; VariantName = "[No Variations]"
Add component (AddParameter): Name = "ComponentLink1URL"; Value = "http://www.st.com/web/en/home.html"; VariantName = "[No Variations]"
Add component (AddParameter): Name = "ComponentLink2Description"; Value = "Datasheet"; VariantName = "[No Variations]"
Add component (AddParameter): Name = "ComponentLink2URL"; Value = "http://www.st.com/st-web-ui/static/active/en/resource/technical/document/datasheet/CD00161566.pdf"; VariantName = "[No Variations]"
Add component (AddParameter): Name = "ComponentLink3Description"; Value = "Package Specification"; VariantName = "[No Variations]"
Add component (AddParameter): Name = "ComponentLink3URL"; Value = "http://www.st.com/st-web-ui/static/active/en/resource/technical/document/datasheet/DM00058181.pdf"; VariantName = "[No Variations]"
Add component (AddParameter): Name = "Core"; Value = "ARM Cortex-M3"; VariantName = "[No Variations]"
Add component (AddParameter): Name = "DatasheetVersion"; Value = "Rev. 16"; VariantName = "[No Variations]"
Add component (AddParameter): Name = "FLASH Size (Prog) (kB)"; Value = "64"; VariantName = "[No Variations]"
Add component (AddParameter): Name = "Mounting Technology"; Value = "Surface Mount"; VariantName = "[No Variations]"
Add component (AddParameter): Name = "Operating Frequency(F) (Processor speed) (MHz)"; Value = "72"; VariantName = "[No Variations]"
Add component (AddParameter): Name = "PackageDescription"; Value = "48-Pin Low Profile Quad Flat Package, 7 x 7 mm Body, 0.5 mm Pitch"; VariantName = "[No Variations]"
Add component (AddParameter): Name = "PackageReference"; Value = "LQFP48"; VariantName = "[No Variations]"
Add component (AddParameter): Name = "PackageVersion"; Value = "Rev. 6, 06/2013"; VariantName = "[No Variations]"
Add component (AddParameter): Name = "Packing"; Value = "Tray"; VariantName = "[No Variations]"
Add component (AddParameter): Name = "PartNumber"; Value = "STM32F103C8T6"; VariantName = "[No Variations]"
Add component (AddParameter): Name = "Supplier 1"; Value = "Digi-Key"; VariantName = "[No Variations]"
Add component (AddParameter): Name = "Supplier 2"; Value = "Farnell"; VariantName = "[No Variations]"
Add component (AddParameter): Name = "Supplier 3"; Value = "Newark"; VariantName = "[No Variations]"
Add component (AddParameter): Name = "Supplier 4"; Value = "Newark"; VariantName = "[No Variations]"
Add component (AddParameter): Name = "Supplier 5"; Value = "Mouser"; VariantName = "[No Variations]"
Add component (AddParameter): Name = "Supplier Part Number 1"; Value = "497-6063-ND"; VariantName = "[No Variations]"
Add component (AddParameter): Name = "Supplier Part Number 2"; Value = "1447637"; VariantName = "[No Variations]"
Add component (AddParameter): Name = "Supplier Part Number 3"; Value = "59M2182"; VariantName = "[No Variations]"
Add component (AddParameter): Name = "Supplier Part Number 4"; Value = "57P1222"; VariantName = "[No Variations]"
Add component (AddParameter): Name = "Supplier Part Number 5"; Value = "511-STM32F103C8T6"; VariantName = "[No Variations]"
Add component (AddParameter): Name = "Supply Voltage(Vcc) min (V)"; Value = "2"; VariantName = "[No Variations]"
Add component (AddParameter): Name = "I/Os (High Current)"; Value = "37"; VariantName = "[No Variations]"
Add component (AddParameter): Name = "Internal RAM Size (kB)"; Value = "20"; VariantName = "[No Variations]"
Added Pin To Net: NetName=32kHz 01 Pin=U?-3
Added Pin To Net: NetName=32kHz 02 Pin=U?-4
Added Pin To Net: NetName=OUT/IN Pin=U?-5
Added Pin To Net: NetName=NetR1_2 Pin=U?-6
Added Pin To Net: NetName=NRST Pin=U?-7
Added Pin To Net: NetName=GND Pin=U?-8
Added Pin To Net: NetName=+3.3V Pin=U?-9
Added Pin To Net: NetName=PA0 Pin=U?-10
Added Pin To Net: NetName=PA1 Pin=U?-11
Added Pin To Net: NetName=PA2 Pin=U?-12
Added Pin To Net: NetName=PA3 Pin=U?-13
Added Pin To Net: NetName=PA4 Pin=U?-14
Added Pin To Net: NetName=PA5 Pin=U?-15
Added Pin To Net: NetName=PA6 Pin=U?-16
Added Pin To Net: NetName=PA7 Pin=U?-17
Added Pin To Net: NetName=PB0 Pin=U?-18
Added Pin To Net: NetName=PB1 Pin=U?-19
Added Pin To Net: NetName=PB2 Pin=U?-20
Added Pin To Net: NetName=PB10 Pin=U?-21
Added Pin To Net: NetName=PB11 Pin=U?-22
Added Pin To Net: NetName=GND Pin=U?-23
Added Pin To Net: NetName=+3.3V Pin=U?-24
Added Pin To Net: NetName=PB12 Pin=U?-25
Added Pin To Net: NetName=PB13 Pin=U?-26
Added Pin To Net: NetName=PB14 Pin=U?-27
Added Pin To Net: NetName=PB15 Pin=U?-28
Added Pin To Net: NetName=PA8 Pin=U?-29
Added Pin To Net: NetName=PA9 Pin=U?-30
Added Pin To Net: NetName=PA10 Pin=U?-31
Added Pin To Net: NetName=PA11 Pin=U?-32
Added Pin To Net: NetName=PA12 Pin=U?-33
Added Pin To Net: NetName=SWDIO Pin=U?-34
Added Pin To Net: NetName=GND Pin=U?-35
Added Pin To Net: NetName=+3.3V Pin=U?-36
Added Pin To Net: NetName=SWCLK Pin=U?-37
Added Pin To Net: NetName=PA14 Pin=U?-38
Added Pin To Net: NetName=PB3 Pin=U?-39
Added Pin To Net: NetName=PB4 Pin=U?-40
Added Pin To Net: NetName=PB5 Pin=U?-41
Added Pin To Net: NetName=PB6 Pin=U?-42
Added Pin To Net: NetName=PB7 Pin=U?-43
Added Pin To Net: NetName=BOOT0 Pin=U?-44
Added Pin To Net: NetName=PB8 Pin=U?-45
Added Pin To Net: NetName=PB9 Pin=U?-46
Added Pin To Net: NetName=GND Pin=U?-47
Added Pin To Net: NetName=+3.3V Pin=U?-48
Added Member To Class: ClassName=MCU Udemy Member=Component U? STM32F103C8T6
Added Member To Class: ClassName=MCU Udemy Member=Component U? STM32F103C8T6
