Removed Pin From Net: NetName=PA0 Pin=P5-1
Removed Pin From Net: NetName=PA1 Pin=P5-2
Removed Pin From Net: NetName=PA2 Pin=P5-3
Removed Pin From Net: NetName=PA3 Pin=P5-4
Removed Pin From Net: NetName=PA4 Pin=P5-5
Removed Pin From Net: NetName=PA5 Pin=P5-6
Removed Pin From Net: NetName=PA6 Pin=P5-7
Removed Pin From Net: NetName=PA7 Pin=P5-8
Removed Pin From Net: NetName=PA8 Pin=P5-9
Removed Pin From Net: NetName=PA9 Pin=P5-10
Removed Pin From Net: NetName=PA10 Pin=P5-11
Removed Pin From Net: NetName=PA11 Pin=P5-12
Removed Pin From Net: NetName=PA12 Pin=P5-13
Removed Pin From Net: NetName=PA14 Pin=P5-14
Removed Pin From Net: NetName=PA0 Pin=R35-2
Removed Pin From Net: NetName=PA0 Pin=R36-1
Removed Pin From Net: NetName=PA1 Pin=R37-2
Removed Pin From Net: NetName=PA1 Pin=R38-1
Removed Pin From Net: NetName=PA2 Pin=R39-2
Removed Pin From Net: NetName=PA2 Pin=R40-1
Removed Pin From Net: NetName=PA3 Pin=R41-2
Removed Pin From Net: NetName=PA3 Pin=R42-1
Removed Pin From Net: NetName=PA4 Pin=R43-2
Removed Pin From Net: NetName=PA4 Pin=R44-1
Removed Pin From Net: NetName=PA5 Pin=R45-2
Removed Pin From Net: NetName=PA5 Pin=R46-1
Removed Pin From Net: NetName=PA6 Pin=R47-2
Removed Pin From Net: NetName=PA6 Pin=R48-1
Removed Pin From Net: NetName=PA7 Pin=R49-2
Removed Pin From Net: NetName=PA7 Pin=R50-1
Removed Pin From Net: NetName=PA8 Pin=R51-2
Removed Pin From Net: NetName=PA8 Pin=R52-1
Removed Pin From Net: NetName=PA9 Pin=R53-2
Removed Pin From Net: NetName=PA9 Pin=R54-1
Removed Pin From Net: NetName=PA10 Pin=R55-2
Removed Pin From Net: NetName=PA10 Pin=R56-1
Removed Pin From Net: NetName=PA11 Pin=R57-2
Removed Pin From Net: NetName=PA11 Pin=R58-1
Removed Pin From Net: NetName=PA12 Pin=R59-2
Removed Pin From Net: NetName=PA12 Pin=R60-1
Removed Pin From Net: NetName=PA14 Pin=R61-2
Removed Pin From Net: NetName=PA14 Pin=R62-1
Add Pin To Net: Unknown Pin: Pin U2-9
Add Pin To Net: Unknown Pin: Pin U2-24
Add Pin To Net: Unknown Pin: Pin U2-36
Add Pin To Net: Unknown Pin: Pin U2-48
Added Pin To Net: NetName=NetR35_2 Pin=R35-2
Added Pin To Net: NetName=NetR35_2 Pin=R36-1
Added Net: Name=NetR35_2
Added Pin To Net: NetName=NetR37_2 Pin=R37-2
Added Pin To Net: NetName=NetR37_2 Pin=R38-1
Added Net: Name=NetR37_2
Added Pin To Net: NetName=NetR39_2 Pin=R39-2
Added Pin To Net: NetName=NetR39_2 Pin=R40-1
Added Net: Name=NetR39_2
Added Pin To Net: NetName=NetR41_2 Pin=R41-2
Added Pin To Net: NetName=NetR41_2 Pin=R42-1
Added Net: Name=NetR41_2
Added Pin To Net: NetName=NetR43_2 Pin=R43-2
Added Pin To Net: NetName=NetR43_2 Pin=R44-1
Added Net: Name=NetR43_2
Added Pin To Net: NetName=NetR45_2 Pin=R45-2
Added Pin To Net: NetName=NetR45_2 Pin=R46-1
Added Net: Name=NetR45_2
Added Pin To Net: NetName=NetR47_2 Pin=R47-2
Added Pin To Net: NetName=NetR47_2 Pin=R48-1
Added Net: Name=NetR47_2
Added Pin To Net: NetName=NetR49_2 Pin=R49-2
Added Pin To Net: NetName=NetR49_2 Pin=R50-1
Added Net: Name=NetR49_2
Added Pin To Net: NetName=NetR51_2 Pin=R51-2
Added Pin To Net: NetName=NetR51_2 Pin=R52-1
Added Net: Name=NetR51_2
Added Pin To Net: NetName=NetR53_2 Pin=R53-2
Added Pin To Net: NetName=NetR53_2 Pin=R54-1
Added Net: Name=NetR53_2
Added Pin To Net: NetName=NetR55_2 Pin=R55-2
Added Pin To Net: NetName=NetR55_2 Pin=R56-1
Added Net: Name=NetR55_2
Added Pin To Net: NetName=NetR57_2 Pin=R57-2
Added Pin To Net: NetName=NetR57_2 Pin=R58-1
Added Net: Name=NetR57_2
Added Pin To Net: NetName=NetR59_2 Pin=R59-2
Added Pin To Net: NetName=NetR59_2 Pin=R60-1
Added Net: Name=NetR59_2
Added Pin To Net: NetName=NetR61_2 Pin=R61-2
Added Pin To Net: NetName=NetR61_2 Pin=R62-1
Added Net: Name=NetR61_2
Added Room: Name=MCU Udemy
